{"C:\\Users\\nicol\\Desktop\\FrontEnd-SmartLogix\\src\\App.css": {"path":"C:\\Users\\nicol\\Desktop\\FrontEnd-SmartLogix\\src\\App.css","statementMap":{},"fnMap":{},"branchMap":{},"s":{},"f":{},"b":{},"meta":{"lastBranch":0,"lastFunction":0,"lastStatement":0,"seen":{}}}
,"C:\\Users\\nicol\\Desktop\\FrontEnd-SmartLogix\\src\\App.jsx": {"path":"C:\\Users\\nicol\\Desktop\\FrontEnd-SmartLogix\\src\\App.jsx","statementMap":{"0":{"start":{"line":9,"column":2},"end":{"line":17,"column":null}}},"fnMap":{"0":{"name":"App","decl":{"start":{"line":8,"column":9},"end":{"line":8,"column":15}},"loc":{"start":{"line":8,"column":15},"end":{"line":17,"column":null}},"line":8}},"branchMap":{},"s":{"0":2},"f":{"0":2},"b":{},"meta":{"lastBranch":0,"lastFunction":1,"lastStatement":1,"seen":{"f:8:9:8:15":0,"s:9:2:17:Infinity":0}}}
,"C:\\Users\\nicol\\Desktop\\FrontEnd-SmartLogix\\src\\components\\Button.jsx": {"path":"C:\\Users\\nicol\\Desktop\\FrontEnd-SmartLogix\\src\\components\\Button.jsx","statementMap":{"0":{"start":{"line":4,"column":20},"end":{"line":4,"column":null}},"1":{"start":{"line":5,"column":23},"end":{"line":5,"column":null}},"2":{"start":{"line":7,"column":2},"end":{"line":10,"column":null}}},"fnMap":{"0":{"name":"Button","decl":{"start":{"line":3,"column":24},"end":{"line":3,"column":31}},"loc":{"start":{"line":3,"column":110},"end":{"line":10,"column":null}},"line":3}},"branchMap":{"0":{"loc":{"start":{"line":3,"column":52},"end":{"line":3,"column":73}},"type":"default-arg","locations":[{"start":{"line":3,"column":62},"end":{"line":3,"column":73}}],"line":3},"1":{"loc":{"start":{"line":3,"column":73},"end":{"line":3,"column":90}},"type":"default-arg","locations":[{"start":{"line":3,"column":80},"end":{"line":3,"column":90}}],"line":3},"2":{"loc":{"start":{"line":3,"column":90},"end":{"line":3,"column":110}},"type":"default-arg","locations":[{"start":{"line":3,"column":101},"end":{"line":3,"column":110}}],"line":3}},"s":{"0":38,"1":38,"2":38},"f":{"0":38},"b":{"0":[38],"1":[38],"2":[38]},"meta":{"lastBranch":3,"lastFunction":1,"lastStatement":3,"seen":{"f:3:24:3:31":0,"b:3:62:3:73":0,"b:3:80:3:90":1,"b:3:101:3:110":2,"s:4:20:4:Infinity":0,"s:5:23:5:Infinity":1,"s:7:2:10:Infinity":2}}}
,"C:\\Users\\nicol\\Desktop\\FrontEnd-SmartLogix\\src\\components\\Card.jsx": {"path":"C:\\Users\\nicol\\Desktop\\FrontEnd-SmartLogix\\src\\components\\Card.jsx","statementMap":{"0":{"start":{"line":4,"column":2},"end":{"line":12,"column":null}}},"fnMap":{"0":{"name":"Card","decl":{"start":{"line":3,"column":24},"end":{"line":3,"column":29}},"loc":{"start":{"line":3,"column":59},"end":{"line":12,"column":null}},"line":3}},"branchMap":{"0":{"loc":{"start":{"line":8,"column":9},"end":{"line":8,"column":null}},"type":"binary-expr","locations":[{"start":{"line":8,"column":9},"end":{"line":8,"column":20}},{"start":{"line":8,"column":20},"end":{"line":8,"column":null}}],"line":8}},"s":{"0":21},"f":{"0":21},"b":{"0":[21,1]},"meta":{"lastBranch":1,"lastFunction":1,"lastStatement":1,"seen":{"f:3:24:3:29":0,"s:4:2:12:Infinity":0,"b:8:9:8:20:8:20:8:Infinity":0}}}
,"C:\\Users\\nicol\\Desktop\\FrontEnd-SmartLogix\\src\\components\\Modal.jsx": {"path":"C:\\Users\\nicol\\Desktop\\FrontEnd-SmartLogix\\src\\components\\Modal.jsx","statementMap":{"0":{"start":{"line":4,"column":2},"end":{"line":4,"column":null}},"1":{"start":{"line":4,"column":15},"end":{"line":4,"column":null}},"2":{"start":{"line":6,"column":2},"end":{"line":17,"column":null}}},"fnMap":{"0":{"name":"Modal","decl":{"start":{"line":3,"column":24},"end":{"line":3,"column":30}},"loc":{"start":{"line":3,"column":68},"end":{"line":17,"column":null}},"line":3}},"branchMap":{"0":{"loc":{"start":{"line":4,"column":2},"end":{"line":4,"column":null}},"type":"if","locations":[{"start":{"line":4,"column":2},"end":{"line":4,"column":null}},{"start":{},"end":{}}],"line":4}},"s":{"0":34,"1":23,"2":11},"f":{"0":34},"b":{"0":[23,11]},"meta":{"lastBranch":1,"lastFunction":1,"lastStatement":3,"seen":{"f:3:24:3:30":0,"b:4:2:4:Infinity:undefined:undefined:undefined:undefined":0,"s:4:2:4:Infinity":0,"s:4:15:4:Infinity":1,"s:6:2:17:Infinity":2}}}
,"C:\\Users\\nicol\\Desktop\\FrontEnd-SmartLogix\\src\\components\\Navbar.jsx": {"path":"C:\\Users\\nicol\\Desktop\\FrontEnd-SmartLogix\\src\\components\\Navbar.jsx","statementMap":{"0":{"start":{"line":6,"column":8},"end":{"line":6,"column":32}},"1":{"start":{"line":8,"column":8},"end":{"line":9,"column":null}},"2":{"start":{"line":9,"column":4},"end":{"line":9,"column":null}},"3":{"start":{"line":12,"column":2},"end":{"line":24,"column":null}}},"fnMap":{"0":{"name":"Navbar","decl":{"start":{"line":5,"column":24},"end":{"line":5,"column":33}},"loc":{"start":{"line":5,"column":33},"end":{"line":24,"column":null}},"line":5},"1":{"name":"(anonymous_1)","decl":{"start":{"line":8,"column":8},"end":{"line":8,"column":24}},"loc":{"start":{"line":8,"column":33},"end":{"line":9,"column":null}},"line":8}},"branchMap":{"0":{"loc":{"start":{"line":9,"column":11},"end":{"line":9,"column":null}},"type":"cond-expr","locations":[{"start":{"line":9,"column":40},"end":{"line":9,"column":60}},{"start":{"line":9,"column":60},"end":{"line":9,"column":null}}],"line":9}},"s":{"0":3,"1":3,"2":6,"3":3},"f":{"0":3,"1":6},"b":{"0":[3,3]},"meta":{"lastBranch":1,"lastFunction":2,"lastStatement":4,"seen":{"f:5:24:5:33":0,"s:6:8:6:32":0,"s:8:8:9:Infinity":1,"f:8:8:8:24":1,"s:9:4:9:Infinity":2,"b:9:40:9:60:9:60:9:Infinity":0,"s:12:2:24:Infinity":3}}}
,"C:\\Users\\nicol\\Desktop\\FrontEnd-SmartLogix\\src\\hooks\\useInventory.js": {"path":"C:\\Users\\nicol\\Desktop\\FrontEnd-SmartLogix\\src\\hooks\\useInventory.js","statementMap":{"0":{"start":{"line":5,"column":20},"end":{"line":5,"column":48}},"1":{"start":{"line":6,"column":18},"end":{"line":6,"column":46}},"2":{"start":{"line":7,"column":16},"end":{"line":7,"column":42}},"3":{"start":{"line":9,"column":8},"end":{"line":20,"column":8}},"4":{"start":{"line":10,"column":4},"end":{"line":10,"column":null}},"5":{"start":{"line":11,"column":4},"end":{"line":11,"column":null}},"6":{"start":{"line":12,"column":4},"end":{"line":18,"column":null}},"7":{"start":{"line":13,"column":19},"end":{"line":13,"column":38}},"8":{"start":{"line":14,"column":6},"end":{"line":14,"column":null}},"9":{"start":{"line":16,"column":6},"end":{"line":16,"column":null}},"10":{"start":{"line":18,"column":6},"end":{"line":18,"column":null}},"11":{"start":{"line":22,"column":2},"end":{"line":24,"column":null}},"12":{"start":{"line":23,"column":4},"end":{"line":23,"column":null}},"13":{"start":{"line":26,"column":24},"end":{"line":32,"column":null}},"14":{"start":{"line":27,"column":4},"end":{"line":32,"column":null}},"15":{"start":{"line":28,"column":6},"end":{"line":28,"column":null}},"16":{"start":{"line":29,"column":6},"end":{"line":29,"column":null}},"17":{"start":{"line":30,"column":6},"end":{"line":30,"column":null}},"18":{"start":{"line":32,"column":6},"end":{"line":32,"column":null}},"19":{"start":{"line":36,"column":29},"end":{"line":42,"column":null}},"20":{"start":{"line":37,"column":4},"end":{"line":42,"column":null}},"21":{"start":{"line":38,"column":6},"end":{"line":38,"column":null}},"22":{"start":{"line":39,"column":6},"end":{"line":39,"column":null}},"23":{"start":{"line":40,"column":6},"end":{"line":40,"column":null}},"24":{"start":{"line":42,"column":6},"end":{"line":42,"column":null}},"25":{"start":{"line":46,"column":2},"end":{"line":46,"column":null}}},"fnMap":{"0":{"name":"useInventory","decl":{"start":{"line":4,"column":16},"end":{"line":4,"column":31}},"loc":{"start":{"line":4,"column":31},"end":{"line":46,"column":null}},"line":4},"1":{"name":"(anonymous_1)","decl":{"start":{"line":9,"column":37},"end":{"line":9,"column":49}},"loc":{"start":{"line":9,"column":49},"end":{"line":20,"column":7}},"line":9},"2":{"name":"(anonymous_2)","decl":{"start":{"line":22,"column":2},"end":{"line":22,"column":18}},"loc":{"start":{"line":22,"column":18},"end":{"line":24,"column":6}},"line":22},"3":{"name":"(anonymous_3)","decl":{"start":{"line":26,"column":24},"end":{"line":26,"column":31}},"loc":{"start":{"line":26,"column":47},"end":{"line":32,"column":null}},"line":26},"4":{"name":"(anonymous_4)","decl":{"start":{"line":36,"column":29},"end":{"line":36,"column":36}},"loc":{"start":{"line":36,"column":50},"end":{"line":42,"column":null}},"line":36}},"branchMap":{},"s":{"0":10,"1":10,"2":10,"3":10,"4":6,"5":6,"6":6,"7":6,"8":5,"9":1,"10":6,"11":10,"12":4,"13":10,"14":1,"15":1,"16":1,"17":1,"18":0,"19":10,"20":1,"21":1,"22":1,"23":1,"24":0,"25":10},"f":{"0":10,"1":6,"2":4,"3":1,"4":1},"b":{},"meta":{"lastBranch":0,"lastFunction":5,"lastStatement":26,"seen":{"f:4:16:4:31":0,"s:5:20:5:48":0,"s:6:18:6:46":1,"s:7:16:7:42":2,"s:9:8:20:8":3,"f:9:37:9:49":1,"s:10:4:10:Infinity":4,"s:11:4:11:Infinity":5,"s:12:4:18:Infinity":6,"s:13:19:13:38":7,"s:14:6:14:Infinity":8,"s:16:6:16:Infinity":9,"s:18:6:18:Infinity":10,"s:22:2:24:Infinity":11,"f:22:2:22:18":2,"s:23:4:23:Infinity":12,"s:26:24:32:Infinity":13,"f:26:24:26:31":3,"s:27:4:32:Infinity":14,"s:28:6:28:Infinity":15,"s:29:6:29:Infinity":16,"s:30:6:30:Infinity":17,"s:32:6:32:Infinity":18,"s:36:29:42:Infinity":19,"f:36:29:36:36":4,"s:37:4:42:Infinity":20,"s:38:6:38:Infinity":21,"s:39:6:39:Infinity":22,"s:40:6:40:Infinity":23,"s:42:6:42:Infinity":24,"s:46:2:46:Infinity":25}}}
,"C:\\Users\\nicol\\Desktop\\FrontEnd-SmartLogix\\src\\hooks\\useOrders.js": {"path":"C:\\Users\\nicol\\Desktop\\FrontEnd-SmartLogix\\src\\hooks\\useOrders.js","statementMap":{"0":{"start":{"line":5,"column":17},"end":{"line":5,"column":42}},"1":{"start":{"line":6,"column":18},"end":{"line":6,"column":46}},"2":{"start":{"line":7,"column":16},"end":{"line":7,"column":42}},"3":{"start":{"line":9,"column":8},"end":{"line":20,"column":8}},"4":{"start":{"line":10,"column":4},"end":{"line":10,"column":null}},"5":{"start":{"line":11,"column":4},"end":{"line":11,"column":null}},"6":{"start":{"line":12,"column":4},"end":{"line":18,"column":null}},"7":{"start":{"line":13,"column":19},"end":{"line":13,"column":39}},"8":{"start":{"line":14,"column":6},"end":{"line":14,"column":null}},"9":{"start":{"line":16,"column":6},"end":{"line":16,"column":null}},"10":{"start":{"line":18,"column":6},"end":{"line":18,"column":null}},"11":{"start":{"line":22,"column":2},"end":{"line":24,"column":null}},"12":{"start":{"line":23,"column":4},"end":{"line":23,"column":null}},"13":{"start":{"line":26,"column":21},"end":{"line":32,"column":null}},"14":{"start":{"line":27,"column":4},"end":{"line":32,"column":null}},"15":{"start":{"line":28,"column":6},"end":{"line":28,"column":null}},"16":{"start":{"line":29,"column":6},"end":{"line":29,"column":null}},"17":{"start":{"line":30,"column":6},"end":{"line":30,"column":null}},"18":{"start":{"line":32,"column":6},"end":{"line":32,"column":null}},"19":{"start":{"line":36,"column":2},"end":{"line":36,"column":null}}},"fnMap":{"0":{"name":"useOrders","decl":{"start":{"line":4,"column":16},"end":{"line":4,"column":28}},"loc":{"start":{"line":4,"column":28},"end":{"line":36,"column":null}},"line":4},"1":{"name":"(anonymous_1)","decl":{"start":{"line":9,"column":34},"end":{"line":9,"column":46}},"loc":{"start":{"line":9,"column":46},"end":{"line":20,"column":7}},"line":9},"2":{"name":"(anonymous_2)","decl":{"start":{"line":22,"column":2},"end":{"line":22,"column":18}},"loc":{"start":{"line":22,"column":18},"end":{"line":24,"column":6}},"line":22},"3":{"name":"(anonymous_3)","decl":{"start":{"line":26,"column":21},"end":{"line":26,"column":28}},"loc":{"start":{"line":26,"column":63},"end":{"line":32,"column":null}},"line":26}},"branchMap":{},"s":{"0":7,"1":7,"2":7,"3":7,"4":4,"5":4,"6":4,"7":4,"8":3,"9":1,"10":4,"11":7,"12":3,"13":7,"14":1,"15":1,"16":1,"17":1,"18":0,"19":7},"f":{"0":7,"1":4,"2":3,"3":1},"b":{},"meta":{"lastBranch":0,"lastFunction":4,"lastStatement":20,"seen":{"f:4:16:4:28":0,"s:5:17:5:42":0,"s:6:18:6:46":1,"s:7:16:7:42":2,"s:9:8:20:8":3,"f:9:34:9:46":1,"s:10:4:10:Infinity":4,"s:11:4:11:Infinity":5,"s:12:4:18:Infinity":6,"s:13:19:13:39":7,"s:14:6:14:Infinity":8,"s:16:6:16:Infinity":9,"s:18:6:18:Infinity":10,"s:22:2:24:Infinity":11,"f:22:2:22:18":2,"s:23:4:23:Infinity":12,"s:26:21:32:Infinity":13,"f:26:21:26:28":3,"s:27:4:32:Infinity":14,"s:28:6:28:Infinity":15,"s:29:6:29:Infinity":16,"s:30:6:30:Infinity":17,"s:32:6:32:Infinity":18,"s:36:2:36:Infinity":19}}}
,"C:\\Users\\nicol\\Desktop\\FrontEnd-SmartLogix\\src\\pages\\InventoryPage.jsx": {"path":"C:\\Users\\nicol\\Desktop\\FrontEnd-SmartLogix\\src\\pages\\InventoryPage.jsx","statementMap":{"0":{"start":{"line":9,"column":52},"end":{"line":9,"column":89}},"1":{"start":{"line":10,"column":25},"end":{"line":10,"column":61}},"2":{"start":{"line":11,"column":28},"end":{"line":11,"column":67}},"3":{"start":{"line":13,"column":19},"end":{"line":13,"column":95}},"4":{"start":{"line":15,"column":8},"end":{"line":17,"column":null}},"5":{"start":{"line":16,"column":28},"end":{"line":16,"column":null}},"6":{"start":{"line":17,"column":4},"end":{"line":17,"column":null}},"7":{"start":{"line":17,"column":25},"end":{"line":17,"column":95}},"8":{"start":{"line":20,"column":26},"end":{"line":24,"column":null}},"9":{"start":{"line":21,"column":4},"end":{"line":21,"column":null}},"10":{"start":{"line":22,"column":4},"end":{"line":22,"column":null}},"11":{"start":{"line":23,"column":4},"end":{"line":23,"column":null}},"12":{"start":{"line":24,"column":4},"end":{"line":24,"column":null}},"13":{"start":{"line":27,"column":29},"end":{"line":31,"column":null}},"14":{"start":{"line":28,"column":4},"end":{"line":28,"column":null}},"15":{"start":{"line":29,"column":4},"end":{"line":29,"column":null}},"16":{"start":{"line":30,"column":4},"end":{"line":30,"column":null}},"17":{"start":{"line":31,"column":4},"end":{"line":31,"column":null}},"18":{"start":{"line":34,"column":8},"end":{"line":36,"column":null}},"19":{"start":{"line":35,"column":4},"end":{"line":35,"column":null}},"20":{"start":{"line":36,"column":4},"end":{"line":36,"column":null}},"21":{"start":{"line":39,"column":2},"end":{"line":39,"column":null}},"22":{"start":{"line":39,"column":15},"end":{"line":39,"column":null}},"23":{"start":{"line":40,"column":2},"end":{"line":40,"column":null}},"24":{"start":{"line":40,"column":13},"end":{"line":40,"column":null}},"25":{"start":{"line":42,"column":2},"end":{"line":128,"column":null}},"26":{"start":{"line":46,"column":31},"end":{"line":46,"column":54}},"27":{"start":{"line":70,"column":14},"end":{"line":84,"column":null}},"28":{"start":{"line":80,"column":61},"end":{"line":80,"column":82}},"29":{"start":{"line":90,"column":52},"end":{"line":90,"column":76}},"30":{"start":{"line":110,"column":55},"end":{"line":110,"column":82}}},"fnMap":{"0":{"name":"InventoryPage","decl":{"start":{"line":8,"column":24},"end":{"line":8,"column":40}},"loc":{"start":{"line":8,"column":40},"end":{"line":128,"column":null}},"line":8},"1":{"name":"(anonymous_1)","decl":{"start":{"line":15,"column":8},"end":{"line":15,"column":29}},"loc":{"start":{"line":15,"column":35},"end":{"line":17,"column":null}},"line":15},"2":{"name":"(anonymous_2)","decl":{"start":{"line":17,"column":4},"end":{"line":17,"column":16}},"loc":{"start":{"line":17,"column":25},"end":{"line":17,"column":95}},"line":17},"3":{"name":"(anonymous_3)","decl":{"start":{"line":20,"column":26},"end":{"line":20,"column":33}},"loc":{"start":{"line":20,"column":39},"end":{"line":24,"column":null}},"line":20},"4":{"name":"(anonymous_4)","decl":{"start":{"line":27,"column":29},"end":{"line":27,"column":36}},"loc":{"start":{"line":27,"column":42},"end":{"line":31,"column":null}},"line":27},"5":{"name":"(anonymous_5)","decl":{"start":{"line":34,"column":8},"end":{"line":34,"column":27}},"loc":{"start":{"line":34,"column":36},"end":{"line":36,"column":null}},"line":34},"6":{"name":"(anonymous_6)","decl":{"start":{"line":46,"column":16},"end":{"line":46,"column":31}},"loc":{"start":{"line":46,"column":31},"end":{"line":46,"column":54}},"line":46},"7":{"name":"(anonymous_7)","decl":{"start":{"line":69,"column":23},"end":{"line":69,"column":27}},"loc":{"start":{"line":70,"column":14},"end":{"line":84,"column":null}},"line":70},"8":{"name":"(anonymous_8)","decl":{"start":{"line":80,"column":46},"end":{"line":80,"column":61}},"loc":{"start":{"line":80,"column":61},"end":{"line":80,"column":82}},"line":80},"9":{"name":"(anonymous_9)","decl":{"start":{"line":90,"column":37},"end":{"line":90,"column":52}},"loc":{"start":{"line":90,"column":52},"end":{"line":90,"column":76}},"line":90},"10":{"name":"(anonymous_10)","decl":{"start":{"line":110,"column":40},"end":{"line":110,"column":55}},"loc":{"start":{"line":110,"column":55},"end":{"line":110,"column":82}},"line":110}},"branchMap":{"0":{"loc":{"start":{"line":17,"column":44},"end":{"line":17,"column":93}},"type":"cond-expr","locations":[{"start":{"line":17,"column":63},"end":{"line":17,"column":86}},{"start":{"line":17,"column":86},"end":{"line":17,"column":93}}],"line":17},"1":{"loc":{"start":{"line":17,"column":63},"end":{"line":17,"column":86}},"type":"binary-expr","locations":[{"start":{"line":17,"column":63},"end":{"line":17,"column":78}},{"start":{"line":17,"column":82},"end":{"line":17,"column":86}}],"line":17},"2":{"loc":{"start":{"line":39,"column":2},"end":{"line":39,"column":null}},"type":"if","locations":[{"start":{"line":39,"column":2},"end":{"line":39,"column":null}},{"start":{},"end":{}}],"line":39},"3":{"loc":{"start":{"line":40,"column":2},"end":{"line":40,"column":null}},"type":"if","locations":[{"start":{"line":40,"column":2},"end":{"line":40,"column":null}},{"start":{},"end":{}}],"line":40},"4":{"loc":{"start":{"line":64,"column":13},"end":{"line":69,"column":23}},"type":"binary-expr","locations":[{"start":{"line":64,"column":13},"end":{"line":64,"column":null}},{"start":{"line":65,"column":14},"end":{"line":69,"column":23}}],"line":64},"5":{"loc":{"start":{"line":71,"column":21},"end":{"line":71,"column":41}},"type":"binary-expr","locations":[{"start":{"line":71,"column":21},"end":{"line":71,"column":32}},{"start":{"line":71,"column":32},"end":{"line":71,"column":41}}],"line":71},"6":{"loc":{"start":{"line":75,"column":54},"end":{"line":75,"column":null}},"type":"cond-expr","locations":[{"start":{"line":75,"column":72},"end":{"line":75,"column":80}},{"start":{"line":75,"column":80},"end":{"line":75,"column":null}}],"line":75},"7":{"loc":{"start":{"line":70,"column":23},"end":{"line":70,"column":null}},"type":"binary-expr","locations":[{"start":{"line":70,"column":23},"end":{"line":70,"column":34}},{"start":{"line":70,"column":34},"end":{"line":70,"column":null}}],"line":70}},"s":{"0":14,"1":14,"2":14,"3":14,"4":14,"5":4,"6":4,"7":4,"8":14,"9":1,"10":1,"11":1,"12":1,"13":14,"14":1,"15":1,"16":1,"17":1,"18":14,"19":1,"20":1,"21":14,"22":1,"23":13,"24":13,"25":12,"26":1,"27":5,"28":1,"29":0,"30":0},"f":{"0":14,"1":4,"2":4,"3":1,"4":1,"5":1,"6":1,"7":5,"8":1,"9":0,"10":0},"b":{"0":[2,2],"1":[2,0],"2":[1,13],"3":[1,12],"4":[12,7],"5":[5,0],"6":[0,5],"7":[5,0]},"meta":{"lastBranch":8,"lastFunction":11,"lastStatement":31,"seen":{"f:8:24:8:40":0,"s:9:52:9:89":0,"s:10:25:10:61":1,"s:11:28:11:67":2,"s:13:19:13:95":3,"s:15:8:17:Infinity":4,"f:15:8:15:29":1,"s:16:28:16:Infinity":5,"s:17:4:17:Infinity":6,"f:17:4:17:16":2,"s:17:25:17:95":7,"b:17:63:17:86:17:86:17:93":0,"b:17:63:17:78:17:82:17:86":1,"s:20:26:24:Infinity":8,"f:20:26:20:33":3,"s:21:4:21:Infinity":9,"s:22:4:22:Infinity":10,"s:23:4:23:Infinity":11,"s:24:4:24:Infinity":12,"s:27:29:31:Infinity":13,"f:27:29:27:36":4,"s:28:4:28:Infinity":14,"s:29:4:29:Infinity":15,"s:30:4:30:Infinity":16,"s:31:4:31:Infinity":17,"s:34:8:36:Infinity":18,"f:34:8:34:27":5,"s:35:4:35:Infinity":19,"s:36:4:36:Infinity":20,"b:39:2:39:Infinity:undefined:undefined:undefined:undefined":2,"s:39:2:39:Infinity":21,"s:39:15:39:Infinity":22,"b:40:2:40:Infinity:undefined:undefined:undefined:undefined":3,"s:40:2:40:Infinity":23,"s:40:13:40:Infinity":24,"s:42:2:128:Infinity":25,"f:46:16:46:31":6,"s:46:31:46:54":26,"b:64:13:64:Infinity:65:14:69:23":4,"f:69:23:69:27":7,"s:70:14:84:Infinity":27,"b:71:21:71:32:71:32:71:41":5,"b:75:72:75:80:75:80:75:Infinity":6,"f:80:46:80:61":8,"s:80:61:80:82":28,"b:70:23:70:34:70:34:70:Infinity":7,"f:90:37:90:52":9,"s:90:52:90:76":29,"f:110:40:110:55":10,"s:110:55:110:82":30}}}
,"C:\\Users\\nicol\\Desktop\\FrontEnd-SmartLogix\\src\\pages\\OrdersPage.jsx": {"path":"C:\\Users\\nicol\\Desktop\\FrontEnd-SmartLogix\\src\\pages\\OrdersPage.jsx","statementMap":{"0":{"start":{"line":9,"column":34},"end":{"line":9,"column":60}},"1":{"start":{"line":10,"column":25},"end":{"line":10,"column":61}},"2":{"start":{"line":12,"column":19},"end":{"line":12,"column":89}},"3":{"start":{"line":14,"column":8},"end":{"line":16,"column":null}},"4":{"start":{"line":15,"column":28},"end":{"line":15,"column":null}},"5":{"start":{"line":16,"column":4},"end":{"line":16,"column":null}},"6":{"start":{"line":16,"column":25},"end":{"line":16,"column":98}},"7":{"start":{"line":19,"column":26},"end":{"line":23,"column":null}},"8":{"start":{"line":20,"column":4},"end":{"line":20,"column":null}},"9":{"start":{"line":21,"column":4},"end":{"line":21,"column":null}},"10":{"start":{"line":22,"column":4},"end":{"line":22,"column":null}},"11":{"start":{"line":23,"column":4},"end":{"line":23,"column":null}},"12":{"start":{"line":26,"column":2},"end":{"line":26,"column":null}},"13":{"start":{"line":26,"column":15},"end":{"line":26,"column":null}},"14":{"start":{"line":27,"column":2},"end":{"line":27,"column":null}},"15":{"start":{"line":27,"column":13},"end":{"line":27,"column":null}},"16":{"start":{"line":29,"column":2},"end":{"line":91,"column":null}},"17":{"start":{"line":33,"column":31},"end":{"line":33,"column":54}},"18":{"start":{"line":57,"column":14},"end":{"line":67,"column":null}},"19":{"start":{"line":73,"column":52},"end":{"line":73,"column":76}}},"fnMap":{"0":{"name":"OrdersPage","decl":{"start":{"line":8,"column":24},"end":{"line":8,"column":37}},"loc":{"start":{"line":8,"column":37},"end":{"line":91,"column":null}},"line":8},"1":{"name":"(anonymous_1)","decl":{"start":{"line":14,"column":8},"end":{"line":14,"column":29}},"loc":{"start":{"line":14,"column":35},"end":{"line":16,"column":null}},"line":14},"2":{"name":"(anonymous_2)","decl":{"start":{"line":16,"column":4},"end":{"line":16,"column":16}},"loc":{"start":{"line":16,"column":25},"end":{"line":16,"column":98}},"line":16},"3":{"name":"(anonymous_3)","decl":{"start":{"line":19,"column":26},"end":{"line":19,"column":33}},"loc":{"start":{"line":19,"column":39},"end":{"line":23,"column":null}},"line":19},"4":{"name":"(anonymous_4)","decl":{"start":{"line":33,"column":16},"end":{"line":33,"column":31}},"loc":{"start":{"line":33,"column":31},"end":{"line":33,"column":54}},"line":33},"5":{"name":"(anonymous_5)","decl":{"start":{"line":56,"column":20},"end":{"line":56,"column":24}},"loc":{"start":{"line":57,"column":14},"end":{"line":67,"column":null}},"line":57},"6":{"name":"(anonymous_6)","decl":{"start":{"line":73,"column":37},"end":{"line":73,"column":52}},"loc":{"start":{"line":73,"column":52},"end":{"line":73,"column":76}},"line":73}},"branchMap":{"0":{"loc":{"start":{"line":16,"column":44},"end":{"line":16,"column":96}},"type":"cond-expr","locations":[{"start":{"line":16,"column":66},"end":{"line":16,"column":89}},{"start":{"line":16,"column":89},"end":{"line":16,"column":96}}],"line":16},"1":{"loc":{"start":{"line":16,"column":66},"end":{"line":16,"column":89}},"type":"binary-expr","locations":[{"start":{"line":16,"column":66},"end":{"line":16,"column":81}},{"start":{"line":16,"column":85},"end":{"line":16,"column":89}}],"line":16},"2":{"loc":{"start":{"line":26,"column":2},"end":{"line":26,"column":null}},"type":"if","locations":[{"start":{"line":26,"column":2},"end":{"line":26,"column":null}},{"start":{},"end":{}}],"line":26},"3":{"loc":{"start":{"line":27,"column":2},"end":{"line":27,"column":null}},"type":"if","locations":[{"start":{"line":27,"column":2},"end":{"line":27,"column":null}},{"start":{},"end":{}}],"line":27},"4":{"loc":{"start":{"line":51,"column":13},"end":{"line":56,"column":20}},"type":"binary-expr","locations":[{"start":{"line":51,"column":13},"end":{"line":51,"column":null}},{"start":{"line":52,"column":14},"end":{"line":56,"column":20}}],"line":51},"5":{"loc":{"start":{"line":63,"column":55},"end":{"line":63,"column":null}},"type":"cond-expr","locations":[{"start":{"line":63,"column":87},"end":{"line":63,"column":99}},{"start":{"line":63,"column":99},"end":{"line":63,"column":null}}],"line":63},"6":{"loc":{"start":{"line":64,"column":21},"end":{"line":64,"column":null}},"type":"binary-expr","locations":[{"start":{"line":64,"column":21},"end":{"line":64,"column":37}},{"start":{"line":64,"column":37},"end":{"line":64,"column":null}}],"line":64}},"s":{"0":10,"1":10,"2":10,"3":10,"4":3,"5":3,"6":3,"7":10,"8":1,"9":1,"10":1,"11":1,"12":10,"13":1,"14":9,"15":9,"16":8,"17":1,"18":1,"19":0},"f":{"0":10,"1":3,"2":3,"3":1,"4":1,"5":1,"6":0},"b":{"0":[1,2],"1":[1,0],"2":[1,9],"3":[1,8],"4":[8,7],"5":[1,0],"6":[1,0]},"meta":{"lastBranch":7,"lastFunction":7,"lastStatement":20,"seen":{"f:8:24:8:37":0,"s:9:34:9:60":0,"s:10:25:10:61":1,"s:12:19:12:89":2,"s:14:8:16:Infinity":3,"f:14:8:14:29":1,"s:15:28:15:Infinity":4,"s:16:4:16:Infinity":5,"f:16:4:16:16":2,"s:16:25:16:98":6,"b:16:66:16:89:16:89:16:96":0,"b:16:66:16:81:16:85:16:89":1,"s:19:26:23:Infinity":7,"f:19:26:19:33":3,"s:20:4:20:Infinity":8,"s:21:4:21:Infinity":9,"s:22:4:22:Infinity":10,"s:23:4:23:Infinity":11,"b:26:2:26:Infinity:undefined:undefined:undefined:undefined":2,"s:26:2:26:Infinity":12,"s:26:15:26:Infinity":13,"b:27:2:27:Infinity:undefined:undefined:undefined:undefined":3,"s:27:2:27:Infinity":14,"s:27:13:27:Infinity":15,"s:29:2:91:Infinity":16,"f:33:16:33:31":4,"s:33:31:33:54":17,"b:51:13:51:Infinity:52:14:56:20":4,"f:56:20:56:24":5,"s:57:14:67:Infinity":18,"b:63:87:63:99:63:99:63:Infinity":5,"b:64:21:64:37:64:37:64:Infinity":6,"f:73:37:73:52":6,"s:73:52:73:76":19}}}
,"C:\\Users\\nicol\\Desktop\\FrontEnd-SmartLogix\\src\\services\\inventoryService.js": {"path":"C:\\Users\\nicol\\Desktop\\FrontEnd-SmartLogix\\src\\services\\inventoryService.js","statementMap":{"0":{"start":{"line":3,"column":22},"end":{"line":3,"column":null}},"1":{"start":{"line":4,"column":19},"end":{"line":4,"column":null}},"2":{"start":{"line":7,"column":27},"end":{"line":11,"column":null}},"3":{"start":{"line":9,"column":14},"end":{"line":9,"column":49}},"4":{"start":{"line":10,"column":2},"end":{"line":10,"column":null}},"5":{"start":{"line":10,"column":15},"end":{"line":10,"column":null}},"6":{"start":{"line":11,"column":2},"end":{"line":11,"column":null}},"7":{"start":{"line":15,"column":24},"end":{"line":19,"column":null}},"8":{"start":{"line":17,"column":14},"end":{"line":17,"column":80}},"9":{"start":{"line":18,"column":2},"end":{"line":18,"column":null}},"10":{"start":{"line":18,"column":15},"end":{"line":18,"column":null}},"11":{"start":{"line":19,"column":2},"end":{"line":19,"column":null}},"12":{"start":{"line":23,"column":26},"end":{"line":30,"column":null}},"13":{"start":{"line":24,"column":14},"end":{"line":28,"column":4}},"14":{"start":{"line":29,"column":2},"end":{"line":29,"column":null}},"15":{"start":{"line":29,"column":15},"end":{"line":29,"column":null}},"16":{"start":{"line":30,"column":2},"end":{"line":30,"column":null}},"17":{"start":{"line":34,"column":27},"end":{"line":41,"column":null}},"18":{"start":{"line":35,"column":14},"end":{"line":39,"column":4}},"19":{"start":{"line":40,"column":2},"end":{"line":40,"column":null}},"20":{"start":{"line":40,"column":15},"end":{"line":40,"column":null}},"21":{"start":{"line":41,"column":2},"end":{"line":41,"column":null}}},"fnMap":{"0":{"name":"(anonymous_0)","decl":{"start":{"line":7,"column":27},"end":{"line":7,"column":39}},"loc":{"start":{"line":7,"column":39},"end":{"line":11,"column":null}},"line":7},"1":{"name":"(anonymous_1)","decl":{"start":{"line":15,"column":24},"end":{"line":15,"column":31}},"loc":{"start":{"line":15,"column":65},"end":{"line":19,"column":null}},"line":15},"2":{"name":"(anonymous_2)","decl":{"start":{"line":23,"column":26},"end":{"line":23,"column":33}},"loc":{"start":{"line":23,"column":47},"end":{"line":30,"column":null}},"line":23},"3":{"name":"(anonymous_3)","decl":{"start":{"line":34,"column":27},"end":{"line":34,"column":34}},"loc":{"start":{"line":34,"column":48},"end":{"line":41,"column":null}},"line":34}},"branchMap":{"0":{"loc":{"start":{"line":10,"column":2},"end":{"line":10,"column":null}},"type":"if","locations":[{"start":{"line":10,"column":2},"end":{"line":10,"column":null}},{"start":{},"end":{}}],"line":10},"1":{"loc":{"start":{"line":18,"column":2},"end":{"line":18,"column":null}},"type":"if","locations":[{"start":{"line":18,"column":2},"end":{"line":18,"column":null}},{"start":{},"end":{}}],"line":18},"2":{"loc":{"start":{"line":29,"column":2},"end":{"line":29,"column":null}},"type":"if","locations":[{"start":{"line":29,"column":2},"end":{"line":29,"column":null}},{"start":{},"end":{}}],"line":29},"3":{"loc":{"start":{"line":40,"column":2},"end":{"line":40,"column":null}},"type":"if","locations":[{"start":{"line":40,"column":2},"end":{"line":40,"column":null}},{"start":{},"end":{}}],"line":40}},"s":{"0":1,"1":1,"2":1,"3":2,"4":2,"5":1,"6":1,"7":1,"8":2,"9":2,"10":1,"11":1,"12":1,"13":2,"14":2,"15":1,"16":1,"17":1,"18":2,"19":2,"20":1,"21":1},"f":{"0":2,"1":2,"2":2,"3":2},"b":{"0":[1,1],"1":[1,1],"2":[1,1],"3":[1,1]},"meta":{"lastBranch":4,"lastFunction":4,"lastStatement":22,"seen":{"s:3:22:3:Infinity":0,"s:4:19:4:Infinity":1,"s:7:27:11:Infinity":2,"f:7:27:7:39":0,"s:9:14:9:49":3,"b:10:2:10:Infinity:undefined:undefined:undefined:undefined":0,"s:10:2:10:Infinity":4,"s:10:15:10:Infinity":5,"s:11:2:11:Infinity":6,"s:15:24:19:Infinity":7,"f:15:24:15:31":1,"s:17:14:17:80":8,"b:18:2:18:Infinity:undefined:undefined:undefined:undefined":1,"s:18:2:18:Infinity":9,"s:18:15:18:Infinity":10,"s:19:2:19:Infinity":11,"s:23:26:30:Infinity":12,"f:23:26:23:33":2,"s:24:14:28:4":13,"b:29:2:29:Infinity:undefined:undefined:undefined:undefined":2,"s:29:2:29:Infinity":14,"s:29:15:29:Infinity":15,"s:30:2:30:Infinity":16,"s:34:27:41:Infinity":17,"f:34:27:34:34":3,"s:35:14:39:4":18,"b:40:2:40:Infinity:undefined:undefined:undefined:undefined":3,"s:40:2:40:Infinity":19,"s:40:15:40:Infinity":20,"s:41:2:41:Infinity":21}}}
,"C:\\Users\\nicol\\Desktop\\FrontEnd-SmartLogix\\src\\services\\orderService.js": {"path":"C:\\Users\\nicol\\Desktop\\FrontEnd-SmartLogix\\src\\services\\orderService.js","statementMap":{"0":{"start":{"line":1,"column":21},"end":{"line":1,"column":null}},"1":{"start":{"line":2,"column":24},"end":{"line":2,"column":null}},"2":{"start":{"line":4,"column":33},"end":{"line":9,"column":null}},"3":{"start":{"line":6,"column":14},"end":{"line":6,"column":null}},"4":{"start":{"line":7,"column":14},"end":{"line":7,"column":50}},"5":{"start":{"line":8,"column":2},"end":{"line":8,"column":null}},"6":{"start":{"line":8,"column":15},"end":{"line":8,"column":null}},"7":{"start":{"line":9,"column":2},"end":{"line":9,"column":null}},"8":{"start":{"line":12,"column":28},"end":{"line":16,"column":null}},"9":{"start":{"line":14,"column":14},"end":{"line":14,"column":51}},"10":{"start":{"line":15,"column":2},"end":{"line":15,"column":null}},"11":{"start":{"line":15,"column":15},"end":{"line":15,"column":null}},"12":{"start":{"line":16,"column":2},"end":{"line":16,"column":null}}},"fnMap":{"0":{"name":"(anonymous_0)","decl":{"start":{"line":4,"column":33},"end":{"line":4,"column":40}},"loc":{"start":{"line":4,"column":75},"end":{"line":9,"column":null}},"line":4},"1":{"name":"(anonymous_1)","decl":{"start":{"line":12,"column":28},"end":{"line":12,"column":40}},"loc":{"start":{"line":12,"column":40},"end":{"line":16,"column":null}},"line":12}},"branchMap":{"0":{"loc":{"start":{"line":8,"column":2},"end":{"line":8,"column":null}},"type":"if","locations":[{"start":{"line":8,"column":2},"end":{"line":8,"column":null}},{"start":{},"end":{}}],"line":8},"1":{"loc":{"start":{"line":15,"column":2},"end":{"line":15,"column":null}},"type":"if","locations":[{"start":{"line":15,"column":2},"end":{"line":15,"column":null}},{"start":{},"end":{}}],"line":15}},"s":{"0":1,"1":1,"2":1,"3":2,"4":2,"5":2,"6":1,"7":1,"8":1,"9":2,"10":2,"11":1,"12":1},"f":{"0":2,"1":2},"b":{"0":[1,1],"1":[1,1]},"meta":{"lastBranch":2,"lastFunction":2,"lastStatement":13,"seen":{"s:1:21:1:Infinity":0,"s:2:24:2:Infinity":1,"s:4:33:9:Infinity":2,"f:4:33:4:40":0,"s:6:14:6:Infinity":3,"s:7:14:7:50":4,"b:8:2:8:Infinity:undefined:undefined:undefined:undefined":0,"s:8:2:8:Infinity":5,"s:8:15:8:Infinity":6,"s:9:2:9:Infinity":7,"s:12:28:16:Infinity":8,"f:12:28:12:40":1,"s:14:14:14:51":9,"b:15:2:15:Infinity:undefined:undefined:undefined:undefined":1,"s:15:2:15:Infinity":10,"s:15:15:15:Infinity":11,"s:16:2:16:Infinity":12}}}
}
